{"/Users/phamdat/dgt-icp/canister_service/src/declarations/swap/swap.did.js": {"path":"/Users/phamdat/dgt-icp/canister_service/src/declarations/swap/swap.did.js","all":false,"statementMap":{"0":{"start":{"line":1,"column":0},"end":{"line":1,"column":40}},"1":{"start":{"line":2,"column":0},"end":{"line":2,"column":39}},"2":{"start":{"line":3,"column":0},"end":{"line":3,"column":30}},"3":{"start":{"line":4,"column":0},"end":{"line":4,"column":28}},"4":{"start":{"line":5,"column":0},"end":{"line":5,"column":39}},"5":{"start":{"line":6,"column":0},"end":{"line":6,"column":5}},"6":{"start":{"line":7,"column":0},"end":{"line":7,"column":34}},"7":{"start":{"line":8,"column":0},"end":{"line":8,"column":29}},"8":{"start":{"line":9,"column":0},"end":{"line":9,"column":28}},"9":{"start":{"line":10,"column":0},"end":{"line":10,"column":54}},"10":{"start":{"line":11,"column":0},"end":{"line":11,"column":21}},"11":{"start":{"line":12,"column":0},"end":{"line":12,"column":40}},"12":{"start":{"line":13,"column":0},"end":{"line":13,"column":43}},"13":{"start":{"line":14,"column":0},"end":{"line":14,"column":23}},"14":{"start":{"line":15,"column":0},"end":{"line":15,"column":5}},"15":{"start":{"line":16,"column":0},"end":{"line":16,"column":25}},"16":{"start":{"line":17,"column":0},"end":{"line":17,"column":29}},"17":{"start":{"line":18,"column":0},"end":{"line":18,"column":41}},"18":{"start":{"line":19,"column":0},"end":{"line":19,"column":33}},"19":{"start":{"line":20,"column":0},"end":{"line":20,"column":27}},"20":{"start":{"line":21,"column":0},"end":{"line":21,"column":29}},"21":{"start":{"line":22,"column":0},"end":{"line":22,"column":7}},"22":{"start":{"line":23,"column":0},"end":{"line":23,"column":40}},"23":{"start":{"line":24,"column":0},"end":{"line":24,"column":67}},"24":{"start":{"line":25,"column":0},"end":{"line":25,"column":59}},"25":{"start":{"line":26,"column":0},"end":{"line":26,"column":62}},"26":{"start":{"line":27,"column":0},"end":{"line":27,"column":55}},"27":{"start":{"line":28,"column":0},"end":{"line":28,"column":66}},"28":{"start":{"line":29,"column":0},"end":{"line":29,"column":24}},"29":{"start":{"line":30,"column":0},"end":{"line":30,"column":61}},"30":{"start":{"line":31,"column":0},"end":{"line":31,"column":5}},"31":{"start":{"line":32,"column":0},"end":{"line":32,"column":80}},"32":{"start":{"line":33,"column":0},"end":{"line":33,"column":73}},"33":{"start":{"line":34,"column":0},"end":{"line":34,"column":31}},"34":{"start":{"line":35,"column":0},"end":{"line":35,"column":29}},"35":{"start":{"line":36,"column":0},"end":{"line":36,"column":29}},"36":{"start":{"line":37,"column":0},"end":{"line":37,"column":5}},"37":{"start":{"line":38,"column":0},"end":{"line":38,"column":35}},"38":{"start":{"line":39,"column":0},"end":{"line":39,"column":71}},"39":{"start":{"line":40,"column":0},"end":{"line":40,"column":35}},"40":{"start":{"line":41,"column":0},"end":{"line":41,"column":19}},"41":{"start":{"line":42,"column":0},"end":{"line":42,"column":29}},"42":{"start":{"line":43,"column":0},"end":{"line":43,"column":28}},"43":{"start":{"line":44,"column":0},"end":{"line":44,"column":40}},"44":{"start":{"line":45,"column":0},"end":{"line":45,"column":43}},"45":{"start":{"line":46,"column":0},"end":{"line":46,"column":23}},"46":{"start":{"line":47,"column":0},"end":{"line":47,"column":5}},"47":{"start":{"line":48,"column":0},"end":{"line":48,"column":37}},"48":{"start":{"line":49,"column":0},"end":{"line":49,"column":33}},"49":{"start":{"line":50,"column":0},"end":{"line":50,"column":27}},"50":{"start":{"line":51,"column":0},"end":{"line":51,"column":29}},"51":{"start":{"line":52,"column":0},"end":{"line":52,"column":7}},"52":{"start":{"line":53,"column":0},"end":{"line":53,"column":40}},"53":{"start":{"line":54,"column":0},"end":{"line":54,"column":59}},"54":{"start":{"line":55,"column":0},"end":{"line":55,"column":62}},"55":{"start":{"line":56,"column":0},"end":{"line":56,"column":55}},"56":{"start":{"line":57,"column":0},"end":{"line":57,"column":66}},"57":{"start":{"line":58,"column":0},"end":{"line":58,"column":24}},"58":{"start":{"line":59,"column":0},"end":{"line":59,"column":61}},"59":{"start":{"line":60,"column":0},"end":{"line":60,"column":5}},"60":{"start":{"line":61,"column":0},"end":{"line":61,"column":37}},"61":{"start":{"line":62,"column":0},"end":{"line":62,"column":36}},"62":{"start":{"line":63,"column":0},"end":{"line":63,"column":61}},"63":{"start":{"line":64,"column":0},"end":{"line":64,"column":5}},"64":{"start":{"line":65,"column":0},"end":{"line":65,"column":72}},"65":{"start":{"line":66,"column":0},"end":{"line":66,"column":28}},"66":{"start":{"line":67,"column":0},"end":{"line":67,"column":26}},"67":{"start":{"line":68,"column":0},"end":{"line":68,"column":11}},"68":{"start":{"line":69,"column":0},"end":{"line":69,"column":9}},"69":{"start":{"line":70,"column":0},"end":{"line":70,"column":53}},"70":{"start":{"line":71,"column":0},"end":{"line":71,"column":53}},"71":{"start":{"line":72,"column":0},"end":{"line":72,"column":10}},"72":{"start":{"line":73,"column":0},"end":{"line":73,"column":18}},"73":{"start":{"line":74,"column":0},"end":{"line":74,"column":8}},"74":{"start":{"line":75,"column":0},"end":{"line":75,"column":56}},"75":{"start":{"line":76,"column":0},"end":{"line":76,"column":50}},"76":{"start":{"line":77,"column":0},"end":{"line":77,"column":56}},"77":{"start":{"line":78,"column":0},"end":{"line":78,"column":5}},"78":{"start":{"line":79,"column":0},"end":{"line":79,"column":14}},"79":{"start":{"line":80,"column":0},"end":{"line":80,"column":2}},"80":{"start":{"line":81,"column":0},"end":{"line":81,"column":34}},"81":{"start":{"line":82,"column":0},"end":{"line":82,"column":80}},"82":{"start":{"line":83,"column":0},"end":{"line":83,"column":2}}},"s":{"0":1,"1":10,"2":10,"3":10,"4":10,"5":10,"6":10,"7":10,"8":10,"9":10,"10":10,"11":10,"12":10,"13":10,"14":10,"15":10,"16":10,"17":10,"18":10,"19":10,"20":10,"21":10,"22":10,"23":10,"24":10,"25":10,"26":10,"27":10,"28":10,"29":10,"30":10,"31":10,"32":10,"33":10,"34":10,"35":10,"36":10,"37":10,"38":10,"39":10,"40":10,"41":10,"42":10,"43":10,"44":10,"45":10,"46":10,"47":10,"48":10,"49":10,"50":10,"51":10,"52":10,"53":10,"54":10,"55":10,"56":10,"57":10,"58":10,"59":10,"60":10,"61":10,"62":10,"63":10,"64":10,"65":10,"66":10,"67":10,"68":10,"69":10,"70":10,"71":10,"72":10,"73":10,"74":10,"75":10,"76":10,"77":10,"78":10,"79":10,"80":1,"81":0,"82":0},"branchMap":{"0":{"type":"branch","line":1,"loc":{"start":{"line":1,"column":26},"end":{"line":80,"column":2}},"locations":[{"start":{"line":1,"column":26},"end":{"line":80,"column":2}}]}},"b":{"0":[10]},"fnMap":{"0":{"name":"idlFactory","decl":{"start":{"line":1,"column":26},"end":{"line":80,"column":2}},"loc":{"start":{"line":1,"column":26},"end":{"line":80,"column":2}},"line":1},"1":{"name":"init","decl":{"start":{"line":81,"column":20},"end":{"line":83,"column":2}},"loc":{"start":{"line":81,"column":20},"end":{"line":83,"column":2}},"line":81}},"f":{"0":10,"1":0}}
,"/Users/phamdat/dgt-icp/canister_service/src/declarations/token_a/token_a.did.js": {"path":"/Users/phamdat/dgt-icp/canister_service/src/declarations/token_a/token_a.did.js","all":false,"statementMap":{"0":{"start":{"line":1,"column":0},"end":{"line":1,"column":40}},"1":{"start":{"line":2,"column":0},"end":{"line":2,"column":26}},"2":{"start":{"line":3,"column":0},"end":{"line":3,"column":37}},"3":{"start":{"line":4,"column":0},"end":{"line":4,"column":20}},"4":{"start":{"line":5,"column":0},"end":{"line":5,"column":20}},"5":{"start":{"line":6,"column":0},"end":{"line":6,"column":31}},"6":{"start":{"line":7,"column":0},"end":{"line":7,"column":22}},"7":{"start":{"line":8,"column":0},"end":{"line":8,"column":5}},"8":{"start":{"line":9,"column":0},"end":{"line":9,"column":39}},"9":{"start":{"line":10,"column":0},"end":{"line":10,"column":30}},"10":{"start":{"line":11,"column":0},"end":{"line":11,"column":28}},"11":{"start":{"line":12,"column":0},"end":{"line":12,"column":39}},"12":{"start":{"line":13,"column":0},"end":{"line":13,"column":5}},"13":{"start":{"line":14,"column":0},"end":{"line":14,"column":42}},"14":{"start":{"line":15,"column":0},"end":{"line":15,"column":22}},"15":{"start":{"line":16,"column":0},"end":{"line":16,"column":23}},"16":{"start":{"line":17,"column":0},"end":{"line":17,"column":5}},"17":{"start":{"line":18,"column":0},"end":{"line":18,"column":58}},"18":{"start":{"line":19,"column":0},"end":{"line":19,"column":34}},"19":{"start":{"line":20,"column":0},"end":{"line":20,"column":39}},"20":{"start":{"line":21,"column":0},"end":{"line":21,"column":38}},"21":{"start":{"line":22,"column":0},"end":{"line":22,"column":70}},"22":{"start":{"line":23,"column":0},"end":{"line":23,"column":54}},"23":{"start":{"line":24,"column":0},"end":{"line":24,"column":59}},"24":{"start":{"line":25,"column":0},"end":{"line":25,"column":57}},"25":{"start":{"line":26,"column":0},"end":{"line":26,"column":43}},"26":{"start":{"line":27,"column":0},"end":{"line":27,"column":37}},"27":{"start":{"line":28,"column":0},"end":{"line":28,"column":44}},"28":{"start":{"line":29,"column":0},"end":{"line":29,"column":5}},"29":{"start":{"line":30,"column":0},"end":{"line":30,"column":31}},"30":{"start":{"line":31,"column":0},"end":{"line":31,"column":35}},"31":{"start":{"line":32,"column":0},"end":{"line":32,"column":30}},"32":{"start":{"line":33,"column":0},"end":{"line":33,"column":29}},"33":{"start":{"line":34,"column":0},"end":{"line":34,"column":61}},"34":{"start":{"line":35,"column":0},"end":{"line":35,"column":32}},"35":{"start":{"line":36,"column":0},"end":{"line":36,"column":62}},"36":{"start":{"line":37,"column":0},"end":{"line":37,"column":54}},"37":{"start":{"line":38,"column":0},"end":{"line":38,"column":59}},"38":{"start":{"line":39,"column":0},"end":{"line":39,"column":47}},"39":{"start":{"line":40,"column":0},"end":{"line":40,"column":36}},"40":{"start":{"line":41,"column":0},"end":{"line":41,"column":42}},"41":{"start":{"line":42,"column":0},"end":{"line":42,"column":59}},"42":{"start":{"line":43,"column":0},"end":{"line":43,"column":38}},"43":{"start":{"line":44,"column":0},"end":{"line":44,"column":52}},"44":{"start":{"line":45,"column":0},"end":{"line":45,"column":57}},"45":{"start":{"line":46,"column":0},"end":{"line":46,"column":56}},"46":{"start":{"line":47,"column":0},"end":{"line":47,"column":38}},"47":{"start":{"line":48,"column":0},"end":{"line":48,"column":7}},"48":{"start":{"line":49,"column":0},"end":{"line":49,"column":43}},"49":{"start":{"line":50,"column":0},"end":{"line":50,"column":28}},"50":{"start":{"line":51,"column":0},"end":{"line":51,"column":44}},"51":{"start":{"line":52,"column":0},"end":{"line":52,"column":5}},"52":{"start":{"line":53,"column":0},"end":{"line":53,"column":33}},"53":{"start":{"line":54,"column":0},"end":{"line":54,"column":37}},"54":{"start":{"line":55,"column":0},"end":{"line":55,"column":22}},"55":{"start":{"line":56,"column":0},"end":{"line":56,"column":5}},"56":{"start":{"line":57,"column":0},"end":{"line":57,"column":29}},"57":{"start":{"line":58,"column":0},"end":{"line":58,"column":36}},"58":{"start":{"line":59,"column":0},"end":{"line":59,"column":25}},"59":{"start":{"line":60,"column":0},"end":{"line":60,"column":23}},"60":{"start":{"line":61,"column":0},"end":{"line":61,"column":5}},"61":{"start":{"line":62,"column":0},"end":{"line":62,"column":50}},"62":{"start":{"line":63,"column":0},"end":{"line":63,"column":13}},"63":{"start":{"line":64,"column":0},"end":{"line":64,"column":17}},"64":{"start":{"line":65,"column":0},"end":{"line":65,"column":22}},"65":{"start":{"line":66,"column":0},"end":{"line":66,"column":18}},"66":{"start":{"line":67,"column":0},"end":{"line":67,"column":22}},"67":{"start":{"line":68,"column":0},"end":{"line":68,"column":26}},"68":{"start":{"line":69,"column":0},"end":{"line":69,"column":33}},"69":{"start":{"line":70,"column":0},"end":{"line":70,"column":24}},"70":{"start":{"line":71,"column":0},"end":{"line":71,"column":31}},"71":{"start":{"line":72,"column":0},"end":{"line":72,"column":6}},"72":{"start":{"line":73,"column":0},"end":{"line":73,"column":4}},"73":{"start":{"line":74,"column":0},"end":{"line":74,"column":22}},"74":{"start":{"line":75,"column":0},"end":{"line":75,"column":63}},"75":{"start":{"line":76,"column":0},"end":{"line":76,"column":39}},"76":{"start":{"line":77,"column":0},"end":{"line":77,"column":22}},"77":{"start":{"line":78,"column":0},"end":{"line":78,"column":19}},"78":{"start":{"line":79,"column":0},"end":{"line":79,"column":16}},"79":{"start":{"line":80,"column":0},"end":{"line":80,"column":6}},"80":{"start":{"line":81,"column":0},"end":{"line":81,"column":40}},"81":{"start":{"line":82,"column":0},"end":{"line":82,"column":47}},"82":{"start":{"line":83,"column":0},"end":{"line":83,"column":31}},"83":{"start":{"line":84,"column":0},"end":{"line":84,"column":30}},"84":{"start":{"line":85,"column":0},"end":{"line":85,"column":31}},"85":{"start":{"line":86,"column":0},"end":{"line":86,"column":32}},"86":{"start":{"line":87,"column":0},"end":{"line":87,"column":18}},"87":{"start":{"line":88,"column":0},"end":{"line":88,"column":41}},"88":{"start":{"line":89,"column":0},"end":{"line":89,"column":29}},"89":{"start":{"line":90,"column":0},"end":{"line":90,"column":27}},"90":{"start":{"line":91,"column":0},"end":{"line":91,"column":8}},"91":{"start":{"line":92,"column":0},"end":{"line":92,"column":6}},"92":{"start":{"line":93,"column":0},"end":{"line":93,"column":5}},"93":{"start":{"line":94,"column":0},"end":{"line":94,"column":38}},"94":{"start":{"line":95,"column":0},"end":{"line":95,"column":47}},"95":{"start":{"line":96,"column":0},"end":{"line":96,"column":36}},"96":{"start":{"line":97,"column":0},"end":{"line":97,"column":5}},"97":{"start":{"line":98,"column":0},"end":{"line":98,"column":26}},"98":{"start":{"line":99,"column":0},"end":{"line":99,"column":45}},"99":{"start":{"line":100,"column":0},"end":{"line":100,"column":22}},"100":{"start":{"line":101,"column":0},"end":{"line":101,"column":23}},"101":{"start":{"line":102,"column":0},"end":{"line":102,"column":5}},"102":{"start":{"line":103,"column":0},"end":{"line":103,"column":30}},"103":{"start":{"line":104,"column":0},"end":{"line":104,"column":27}},"104":{"start":{"line":105,"column":0},"end":{"line":105,"column":21}},"105":{"start":{"line":106,"column":0},"end":{"line":106,"column":40}},"106":{"start":{"line":107,"column":0},"end":{"line":107,"column":43}},"107":{"start":{"line":108,"column":0},"end":{"line":108,"column":23}},"108":{"start":{"line":109,"column":0},"end":{"line":109,"column":33}},"109":{"start":{"line":110,"column":0},"end":{"line":110,"column":5}},"110":{"start":{"line":111,"column":0},"end":{"line":111,"column":27}},"111":{"start":{"line":112,"column":0},"end":{"line":112,"column":19}},"112":{"start":{"line":113,"column":0},"end":{"line":113,"column":40}},"113":{"start":{"line":114,"column":0},"end":{"line":114,"column":43}},"114":{"start":{"line":115,"column":0},"end":{"line":115,"column":23}},"115":{"start":{"line":116,"column":0},"end":{"line":116,"column":5}},"116":{"start":{"line":117,"column":0},"end":{"line":117,"column":30}},"117":{"start":{"line":118,"column":0},"end":{"line":118,"column":29}},"118":{"start":{"line":119,"column":0},"end":{"line":119,"column":21}},"119":{"start":{"line":120,"column":0},"end":{"line":120,"column":40}},"120":{"start":{"line":121,"column":0},"end":{"line":121,"column":43}},"121":{"start":{"line":122,"column":0},"end":{"line":122,"column":23}},"122":{"start":{"line":123,"column":0},"end":{"line":123,"column":44}},"123":{"start":{"line":124,"column":0},"end":{"line":124,"column":38}},"124":{"start":{"line":125,"column":0},"end":{"line":125,"column":24}},"125":{"start":{"line":126,"column":0},"end":{"line":126,"column":5}},"126":{"start":{"line":127,"column":0},"end":{"line":127,"column":31}},"127":{"start":{"line":128,"column":0},"end":{"line":128,"column":19}},"128":{"start":{"line":129,"column":0},"end":{"line":129,"column":29}},"129":{"start":{"line":130,"column":0},"end":{"line":130,"column":21}},"130":{"start":{"line":131,"column":0},"end":{"line":131,"column":40}},"131":{"start":{"line":132,"column":0},"end":{"line":132,"column":43}},"132":{"start":{"line":133,"column":0},"end":{"line":133,"column":23}},"133":{"start":{"line":134,"column":0},"end":{"line":134,"column":33}},"134":{"start":{"line":135,"column":0},"end":{"line":135,"column":5}},"135":{"start":{"line":136,"column":0},"end":{"line":136,"column":34}},"136":{"start":{"line":137,"column":0},"end":{"line":137,"column":27}},"137":{"start":{"line":138,"column":0},"end":{"line":138,"column":22}},"138":{"start":{"line":139,"column":0},"end":{"line":139,"column":27}},"139":{"start":{"line":140,"column":0},"end":{"line":140,"column":33}},"140":{"start":{"line":141,"column":0},"end":{"line":141,"column":28}},"141":{"start":{"line":142,"column":0},"end":{"line":142,"column":35}},"142":{"start":{"line":143,"column":0},"end":{"line":143,"column":5}},"143":{"start":{"line":144,"column":0},"end":{"line":144,"column":39}},"144":{"start":{"line":145,"column":0},"end":{"line":145,"column":42}},"145":{"start":{"line":146,"column":0},"end":{"line":146,"column":5}},"146":{"start":{"line":147,"column":0},"end":{"line":147,"column":34}},"147":{"start":{"line":148,"column":0},"end":{"line":148,"column":31}},"148":{"start":{"line":149,"column":0},"end":{"line":149,"column":25}},"149":{"start":{"line":150,"column":0},"end":{"line":150,"column":16}},"150":{"start":{"line":151,"column":0},"end":{"line":151,"column":6}},"151":{"start":{"line":152,"column":0},"end":{"line":152,"column":46}},"152":{"start":{"line":153,"column":0},"end":{"line":153,"column":28}},"153":{"start":{"line":154,"column":0},"end":{"line":154,"column":27}},"154":{"start":{"line":155,"column":0},"end":{"line":155,"column":42}},"155":{"start":{"line":156,"column":0},"end":{"line":156,"column":38}},"156":{"start":{"line":157,"column":0},"end":{"line":157,"column":18}},"157":{"start":{"line":158,"column":0},"end":{"line":158,"column":36}},"158":{"start":{"line":159,"column":0},"end":{"line":159,"column":26}},"159":{"start":{"line":160,"column":0},"end":{"line":160,"column":27}},"160":{"start":{"line":161,"column":0},"end":{"line":161,"column":8}},"161":{"start":{"line":162,"column":0},"end":{"line":162,"column":6}},"162":{"start":{"line":163,"column":0},"end":{"line":163,"column":5}},"163":{"start":{"line":164,"column":0},"end":{"line":164,"column":25}},"164":{"start":{"line":165,"column":0},"end":{"line":165,"column":77}},"165":{"start":{"line":166,"column":0},"end":{"line":166,"column":34}},"166":{"start":{"line":167,"column":0},"end":{"line":167,"column":19}},"167":{"start":{"line":168,"column":0},"end":{"line":168,"column":28}},"168":{"start":{"line":169,"column":0},"end":{"line":169,"column":40}},"169":{"start":{"line":170,"column":0},"end":{"line":170,"column":44}},"170":{"start":{"line":171,"column":0},"end":{"line":171,"column":43}},"171":{"start":{"line":172,"column":0},"end":{"line":172,"column":22}},"172":{"start":{"line":173,"column":0},"end":{"line":173,"column":5}},"173":{"start":{"line":174,"column":0},"end":{"line":174,"column":37}},"174":{"start":{"line":175,"column":0},"end":{"line":175,"column":33}},"175":{"start":{"line":176,"column":0},"end":{"line":176,"column":27}},"176":{"start":{"line":177,"column":0},"end":{"line":177,"column":29}},"177":{"start":{"line":178,"column":0},"end":{"line":178,"column":7}},"178":{"start":{"line":179,"column":0},"end":{"line":179,"column":40}},"179":{"start":{"line":180,"column":0},"end":{"line":180,"column":59}},"180":{"start":{"line":181,"column":0},"end":{"line":181,"column":62}},"181":{"start":{"line":182,"column":0},"end":{"line":182,"column":55}},"182":{"start":{"line":183,"column":0},"end":{"line":183,"column":66}},"183":{"start":{"line":184,"column":0},"end":{"line":184,"column":24}},"184":{"start":{"line":185,"column":0},"end":{"line":185,"column":61}},"185":{"start":{"line":186,"column":0},"end":{"line":186,"column":5}},"186":{"start":{"line":187,"column":0},"end":{"line":187,"column":38}},"187":{"start":{"line":188,"column":0},"end":{"line":188,"column":22}},"188":{"start":{"line":189,"column":0},"end":{"line":189,"column":26}},"189":{"start":{"line":190,"column":0},"end":{"line":190,"column":5}},"190":{"start":{"line":191,"column":0},"end":{"line":191,"column":36}},"191":{"start":{"line":192,"column":0},"end":{"line":192,"column":24}},"192":{"start":{"line":193,"column":0},"end":{"line":193,"column":24}},"193":{"start":{"line":194,"column":0},"end":{"line":194,"column":5}},"194":{"start":{"line":195,"column":0},"end":{"line":195,"column":32}},"195":{"start":{"line":196,"column":0},"end":{"line":196,"column":26}},"196":{"start":{"line":197,"column":0},"end":{"line":197,"column":38}},"197":{"start":{"line":198,"column":0},"end":{"line":198,"column":5}},"198":{"start":{"line":199,"column":0},"end":{"line":199,"column":34}},"199":{"start":{"line":200,"column":0},"end":{"line":200,"column":29}},"200":{"start":{"line":201,"column":0},"end":{"line":201,"column":40}},"201":{"start":{"line":202,"column":0},"end":{"line":202,"column":51}},"202":{"start":{"line":203,"column":0},"end":{"line":203,"column":43}},"203":{"start":{"line":204,"column":0},"end":{"line":204,"column":23}},"204":{"start":{"line":205,"column":0},"end":{"line":205,"column":44}},"205":{"start":{"line":206,"column":0},"end":{"line":206,"column":38}},"206":{"start":{"line":207,"column":0},"end":{"line":207,"column":24}},"207":{"start":{"line":208,"column":0},"end":{"line":208,"column":5}},"208":{"start":{"line":209,"column":0},"end":{"line":209,"column":36}},"209":{"start":{"line":210,"column":0},"end":{"line":210,"column":33}},"210":{"start":{"line":211,"column":0},"end":{"line":211,"column":27}},"211":{"start":{"line":212,"column":0},"end":{"line":212,"column":29}},"212":{"start":{"line":213,"column":0},"end":{"line":213,"column":7}},"213":{"start":{"line":214,"column":0},"end":{"line":214,"column":40}},"214":{"start":{"line":215,"column":0},"end":{"line":215,"column":62}},"215":{"start":{"line":216,"column":0},"end":{"line":216,"column":56}},"216":{"start":{"line":217,"column":0},"end":{"line":217,"column":71}},"217":{"start":{"line":218,"column":0},"end":{"line":218,"column":66}},"218":{"start":{"line":219,"column":0},"end":{"line":219,"column":24}},"219":{"start":{"line":220,"column":0},"end":{"line":220,"column":58}},"220":{"start":{"line":221,"column":0},"end":{"line":221,"column":62}},"221":{"start":{"line":222,"column":0},"end":{"line":222,"column":5}},"222":{"start":{"line":223,"column":0},"end":{"line":223,"column":37}},"223":{"start":{"line":224,"column":0},"end":{"line":224,"column":22}},"224":{"start":{"line":225,"column":0},"end":{"line":225,"column":25}},"225":{"start":{"line":226,"column":0},"end":{"line":226,"column":5}},"226":{"start":{"line":227,"column":0},"end":{"line":227,"column":39}},"227":{"start":{"line":228,"column":0},"end":{"line":228,"column":19}},"228":{"start":{"line":229,"column":0},"end":{"line":229,"column":28}},"229":{"start":{"line":230,"column":0},"end":{"line":230,"column":47}},"230":{"start":{"line":231,"column":0},"end":{"line":231,"column":21}},"231":{"start":{"line":232,"column":0},"end":{"line":232,"column":40}},"232":{"start":{"line":233,"column":0},"end":{"line":233,"column":43}},"233":{"start":{"line":234,"column":0},"end":{"line":234,"column":22}},"234":{"start":{"line":235,"column":0},"end":{"line":235,"column":5}},"235":{"start":{"line":236,"column":0},"end":{"line":236,"column":41}},"236":{"start":{"line":237,"column":0},"end":{"line":237,"column":33}},"237":{"start":{"line":238,"column":0},"end":{"line":238,"column":27}},"238":{"start":{"line":239,"column":0},"end":{"line":239,"column":29}},"239":{"start":{"line":240,"column":0},"end":{"line":240,"column":7}},"240":{"start":{"line":241,"column":0},"end":{"line":241,"column":40}},"241":{"start":{"line":242,"column":0},"end":{"line":242,"column":67}},"242":{"start":{"line":243,"column":0},"end":{"line":243,"column":59}},"243":{"start":{"line":244,"column":0},"end":{"line":244,"column":62}},"244":{"start":{"line":245,"column":0},"end":{"line":245,"column":55}},"245":{"start":{"line":246,"column":0},"end":{"line":246,"column":66}},"246":{"start":{"line":247,"column":0},"end":{"line":247,"column":24}},"247":{"start":{"line":248,"column":0},"end":{"line":248,"column":61}},"248":{"start":{"line":249,"column":0},"end":{"line":249,"column":5}},"249":{"start":{"line":250,"column":0},"end":{"line":250,"column":42}},"250":{"start":{"line":251,"column":0},"end":{"line":251,"column":22}},"251":{"start":{"line":252,"column":0},"end":{"line":252,"column":30}},"252":{"start":{"line":253,"column":0},"end":{"line":253,"column":5}},"253":{"start":{"line":254,"column":0},"end":{"line":254,"column":22}},"254":{"start":{"line":255,"column":0},"end":{"line":255,"column":77}},"255":{"start":{"line":256,"column":0},"end":{"line":256,"column":72}},"256":{"start":{"line":257,"column":0},"end":{"line":257,"column":34}},"257":{"start":{"line":258,"column":0},"end":{"line":258,"column":33}},"258":{"start":{"line":259,"column":0},"end":{"line":259,"column":34}},"259":{"start":{"line":260,"column":0},"end":{"line":260,"column":18}},"260":{"start":{"line":261,"column":0},"end":{"line":261,"column":8}},"261":{"start":{"line":262,"column":0},"end":{"line":262,"column":66}},"262":{"start":{"line":263,"column":0},"end":{"line":263,"column":59}},"263":{"start":{"line":264,"column":0},"end":{"line":264,"column":52}},"264":{"start":{"line":265,"column":0},"end":{"line":265,"column":32}},"265":{"start":{"line":266,"column":0},"end":{"line":266,"column":11}},"266":{"start":{"line":267,"column":0},"end":{"line":267,"column":54}},"267":{"start":{"line":268,"column":0},"end":{"line":268,"column":18}},"268":{"start":{"line":269,"column":0},"end":{"line":269,"column":8}},"269":{"start":{"line":270,"column":0},"end":{"line":270,"column":74}},"270":{"start":{"line":271,"column":0},"end":{"line":271,"column":55}},"271":{"start":{"line":272,"column":0},"end":{"line":272,"column":43}},"272":{"start":{"line":273,"column":0},"end":{"line":273,"column":11}},"273":{"start":{"line":274,"column":0},"end":{"line":274,"column":34}},"274":{"start":{"line":275,"column":0},"end":{"line":275,"column":18}},"275":{"start":{"line":276,"column":0},"end":{"line":276,"column":8}},"276":{"start":{"line":277,"column":0},"end":{"line":277,"column":57}},"277":{"start":{"line":278,"column":0},"end":{"line":278,"column":61}},"278":{"start":{"line":279,"column":0},"end":{"line":279,"column":69}},"279":{"start":{"line":280,"column":0},"end":{"line":280,"column":74}},"280":{"start":{"line":281,"column":0},"end":{"line":281,"column":67}},"281":{"start":{"line":282,"column":0},"end":{"line":282,"column":37}},"282":{"start":{"line":283,"column":0},"end":{"line":283,"column":27}},"283":{"start":{"line":284,"column":0},"end":{"line":284,"column":29}},"284":{"start":{"line":285,"column":0},"end":{"line":285,"column":11}},"285":{"start":{"line":286,"column":0},"end":{"line":286,"column":8}},"286":{"start":{"line":287,"column":0},"end":{"line":287,"column":5}},"287":{"start":{"line":288,"column":0},"end":{"line":288,"column":2}},"288":{"start":{"line":289,"column":0},"end":{"line":289,"column":34}},"289":{"start":{"line":290,"column":0},"end":{"line":290,"column":37}},"290":{"start":{"line":291,"column":0},"end":{"line":291,"column":20}},"291":{"start":{"line":292,"column":0},"end":{"line":292,"column":20}},"292":{"start":{"line":293,"column":0},"end":{"line":293,"column":31}},"293":{"start":{"line":294,"column":0},"end":{"line":294,"column":22}},"294":{"start":{"line":295,"column":0},"end":{"line":295,"column":5}},"295":{"start":{"line":296,"column":0},"end":{"line":296,"column":39}},"296":{"start":{"line":297,"column":0},"end":{"line":297,"column":30}},"297":{"start":{"line":298,"column":0},"end":{"line":298,"column":28}},"298":{"start":{"line":299,"column":0},"end":{"line":299,"column":39}},"299":{"start":{"line":300,"column":0},"end":{"line":300,"column":5}},"300":{"start":{"line":301,"column":0},"end":{"line":301,"column":42}},"301":{"start":{"line":302,"column":0},"end":{"line":302,"column":22}},"302":{"start":{"line":303,"column":0},"end":{"line":303,"column":23}},"303":{"start":{"line":304,"column":0},"end":{"line":304,"column":5}},"304":{"start":{"line":305,"column":0},"end":{"line":305,"column":58}},"305":{"start":{"line":306,"column":0},"end":{"line":306,"column":34}},"306":{"start":{"line":307,"column":0},"end":{"line":307,"column":39}},"307":{"start":{"line":308,"column":0},"end":{"line":308,"column":38}},"308":{"start":{"line":309,"column":0},"end":{"line":309,"column":70}},"309":{"start":{"line":310,"column":0},"end":{"line":310,"column":54}},"310":{"start":{"line":311,"column":0},"end":{"line":311,"column":59}},"311":{"start":{"line":312,"column":0},"end":{"line":312,"column":57}},"312":{"start":{"line":313,"column":0},"end":{"line":313,"column":43}},"313":{"start":{"line":314,"column":0},"end":{"line":314,"column":37}},"314":{"start":{"line":315,"column":0},"end":{"line":315,"column":44}},"315":{"start":{"line":316,"column":0},"end":{"line":316,"column":5}},"316":{"start":{"line":317,"column":0},"end":{"line":317,"column":31}},"317":{"start":{"line":318,"column":0},"end":{"line":318,"column":35}},"318":{"start":{"line":319,"column":0},"end":{"line":319,"column":30}},"319":{"start":{"line":320,"column":0},"end":{"line":320,"column":29}},"320":{"start":{"line":321,"column":0},"end":{"line":321,"column":61}},"321":{"start":{"line":322,"column":0},"end":{"line":322,"column":32}},"322":{"start":{"line":323,"column":0},"end":{"line":323,"column":62}},"323":{"start":{"line":324,"column":0},"end":{"line":324,"column":54}},"324":{"start":{"line":325,"column":0},"end":{"line":325,"column":59}},"325":{"start":{"line":326,"column":0},"end":{"line":326,"column":47}},"326":{"start":{"line":327,"column":0},"end":{"line":327,"column":36}},"327":{"start":{"line":328,"column":0},"end":{"line":328,"column":42}},"328":{"start":{"line":329,"column":0},"end":{"line":329,"column":59}},"329":{"start":{"line":330,"column":0},"end":{"line":330,"column":38}},"330":{"start":{"line":331,"column":0},"end":{"line":331,"column":52}},"331":{"start":{"line":332,"column":0},"end":{"line":332,"column":57}},"332":{"start":{"line":333,"column":0},"end":{"line":333,"column":56}},"333":{"start":{"line":334,"column":0},"end":{"line":334,"column":38}},"334":{"start":{"line":335,"column":0},"end":{"line":335,"column":7}},"335":{"start":{"line":336,"column":0},"end":{"line":336,"column":43}},"336":{"start":{"line":337,"column":0},"end":{"line":337,"column":28}},"337":{"start":{"line":338,"column":0},"end":{"line":338,"column":44}},"338":{"start":{"line":339,"column":0},"end":{"line":339,"column":5}},"339":{"start":{"line":340,"column":0},"end":{"line":340,"column":33}},"340":{"start":{"line":341,"column":0},"end":{"line":341,"column":37}},"341":{"start":{"line":342,"column":0},"end":{"line":342,"column":22}},"342":{"start":{"line":343,"column":0},"end":{"line":343,"column":5}},"343":{"start":{"line":344,"column":0},"end":{"line":344,"column":21}},"344":{"start":{"line":345,"column":0},"end":{"line":345,"column":2}}},"s":{"0":1,"1":16,"2":16,"3":16,"4":16,"5":16,"6":16,"7":16,"8":16,"9":16,"10":16,"11":16,"12":16,"13":16,"14":16,"15":16,"16":16,"17":16,"18":16,"19":16,"20":16,"21":16,"22":16,"23":16,"24":16,"25":16,"26":16,"27":16,"28":16,"29":16,"30":16,"31":16,"32":16,"33":16,"34":16,"35":16,"36":16,"37":16,"38":16,"39":16,"40":16,"41":16,"42":16,"43":16,"44":16,"45":16,"46":16,"47":16,"48":16,"49":16,"50":16,"51":16,"52":16,"53":16,"54":16,"55":16,"56":16,"57":16,"58":16,"59":16,"60":16,"61":16,"62":16,"63":16,"64":16,"65":16,"66":16,"67":16,"68":16,"69":16,"70":16,"71":16,"72":16,"73":16,"74":16,"75":16,"76":16,"77":16,"78":16,"79":16,"80":16,"81":16,"82":16,"83":16,"84":16,"85":16,"86":16,"87":16,"88":16,"89":16,"90":16,"91":16,"92":16,"93":16,"94":16,"95":16,"96":16,"97":16,"98":16,"99":16,"100":16,"101":16,"102":16,"103":16,"104":16,"105":16,"106":16,"107":16,"108":16,"109":16,"110":16,"111":16,"112":16,"113":16,"114":16,"115":16,"116":16,"117":16,"118":16,"119":16,"120":16,"121":16,"122":16,"123":16,"124":16,"125":16,"126":16,"127":16,"128":16,"129":16,"130":16,"131":16,"132":16,"133":16,"134":16,"135":16,"136":16,"137":16,"138":16,"139":16,"140":16,"141":16,"142":16,"143":16,"144":16,"145":16,"146":16,"147":16,"148":16,"149":16,"150":16,"151":16,"152":16,"153":16,"154":16,"155":16,"156":16,"157":16,"158":16,"159":16,"160":16,"161":16,"162":16,"163":16,"164":16,"165":16,"166":16,"167":16,"168":16,"169":16,"170":16,"171":16,"172":16,"173":16,"174":16,"175":16,"176":16,"177":16,"178":16,"179":16,"180":16,"181":16,"182":16,"183":16,"184":16,"185":16,"186":16,"187":16,"188":16,"189":16,"190":16,"191":16,"192":16,"193":16,"194":16,"195":16,"196":16,"197":16,"198":16,"199":16,"200":16,"201":16,"202":16,"203":16,"204":16,"205":16,"206":16,"207":16,"208":16,"209":16,"210":16,"211":16,"212":16,"213":16,"214":16,"215":16,"216":16,"217":16,"218":16,"219":16,"220":16,"221":16,"222":16,"223":16,"224":16,"225":16,"226":16,"227":16,"228":16,"229":16,"230":16,"231":16,"232":16,"233":16,"234":16,"235":16,"236":16,"237":16,"238":16,"239":16,"240":16,"241":16,"242":16,"243":16,"244":16,"245":16,"246":16,"247":16,"248":16,"249":16,"250":16,"251":16,"252":16,"253":16,"254":16,"255":16,"256":16,"257":16,"258":16,"259":16,"260":16,"261":16,"262":16,"263":16,"264":16,"265":16,"266":16,"267":16,"268":16,"269":16,"270":16,"271":16,"272":16,"273":16,"274":16,"275":16,"276":16,"277":16,"278":16,"279":16,"280":16,"281":16,"282":16,"283":16,"284":16,"285":16,"286":16,"287":16,"288":1,"289":0,"290":0,"291":0,"292":0,"293":0,"294":0,"295":0,"296":0,"297":0,"298":0,"299":0,"300":0,"301":0,"302":0,"303":0,"304":0,"305":0,"306":0,"307":0,"308":0,"309":0,"310":0,"311":0,"312":0,"313":0,"314":0,"315":0,"316":0,"317":0,"318":0,"319":0,"320":0,"321":0,"322":0,"323":0,"324":0,"325":0,"326":0,"327":0,"328":0,"329":0,"330":0,"331":0,"332":0,"333":0,"334":0,"335":0,"336":0,"337":0,"338":0,"339":0,"340":0,"341":0,"342":0,"343":0,"344":0},"branchMap":{"0":{"type":"branch","line":1,"loc":{"start":{"line":1,"column":26},"end":{"line":288,"column":2}},"locations":[{"start":{"line":1,"column":26},"end":{"line":288,"column":2}}]}},"b":{"0":[16]},"fnMap":{"0":{"name":"idlFactory","decl":{"start":{"line":1,"column":26},"end":{"line":288,"column":2}},"loc":{"start":{"line":1,"column":26},"end":{"line":288,"column":2}},"line":1},"1":{"name":"init","decl":{"start":{"line":289,"column":20},"end":{"line":345,"column":2}},"loc":{"start":{"line":289,"column":20},"end":{"line":345,"column":2}},"line":289}},"f":{"0":16,"1":0}}
,"/Users/phamdat/dgt-icp/canister_service/test/swap/agent.ts": {"path":"/Users/phamdat/dgt-icp/canister_service/test/swap/agent.ts","all":false,"statementMap":{"0":{"start":{"line":1,"column":0},"end":{"line":1,"column":41}},"1":{"start":{"line":2,"column":0},"end":{"line":2,"column":0}},"2":{"start":{"line":3,"column":0},"end":{"line":3,"column":13}},"3":{"start":{"line":4,"column":0},"end":{"line":4,"column":14}},"4":{"start":{"line":5,"column":0},"end":{"line":5,"column":16}},"5":{"start":{"line":6,"column":0},"end":{"line":6,"column":8}},"6":{"start":{"line":7,"column":0},"end":{"line":7,"column":19}},"7":{"start":{"line":8,"column":0},"end":{"line":8,"column":11}},"8":{"start":{"line":9,"column":0},"end":{"line":9,"column":24}},"9":{"start":{"line":10,"column":0},"end":{"line":10,"column":38}},"10":{"start":{"line":11,"column":0},"end":{"line":11,"column":47}},"11":{"start":{"line":12,"column":0},"end":{"line":12,"column":50}},"12":{"start":{"line":13,"column":0},"end":{"line":13,"column":37}},"13":{"start":{"line":14,"column":0},"end":{"line":14,"column":0}},"14":{"start":{"line":15,"column":0},"end":{"line":15,"column":8}},"15":{"start":{"line":16,"column":0},"end":{"line":16,"column":19}},"16":{"start":{"line":17,"column":0},"end":{"line":17,"column":31}},"17":{"start":{"line":18,"column":0},"end":{"line":18,"column":49}},"18":{"start":{"line":19,"column":0},"end":{"line":19,"column":8}},"19":{"start":{"line":20,"column":0},"end":{"line":20,"column":20}},"20":{"start":{"line":21,"column":0},"end":{"line":21,"column":32}},"21":{"start":{"line":22,"column":0},"end":{"line":22,"column":55}},"22":{"start":{"line":23,"column":0},"end":{"line":23,"column":0}},"23":{"start":{"line":24,"column":0},"end":{"line":24,"column":45}},"24":{"start":{"line":25,"column":0},"end":{"line":25,"column":5}},"25":{"start":{"line":26,"column":0},"end":{"line":26,"column":23}},"26":{"start":{"line":27,"column":0},"end":{"line":27,"column":5}},"27":{"start":{"line":28,"column":0},"end":{"line":28,"column":16}},"28":{"start":{"line":29,"column":0},"end":{"line":29,"column":5}},"29":{"start":{"line":30,"column":0},"end":{"line":30,"column":34}},"30":{"start":{"line":31,"column":0},"end":{"line":31,"column":5}},"31":{"start":{"line":32,"column":0},"end":{"line":32,"column":34}},"32":{"start":{"line":33,"column":0},"end":{"line":33,"column":5}},"33":{"start":{"line":34,"column":0},"end":{"line":34,"column":29}},"34":{"start":{"line":35,"column":0},"end":{"line":35,"column":5}},"35":{"start":{"line":36,"column":0},"end":{"line":36,"column":29}},"36":{"start":{"line":37,"column":0},"end":{"line":37,"column":1}},"37":{"start":{"line":38,"column":0},"end":{"line":38,"column":0}},"38":{"start":{"line":39,"column":0},"end":{"line":39,"column":31}},"39":{"start":{"line":40,"column":0},"end":{"line":40,"column":33}},"40":{"start":{"line":41,"column":0},"end":{"line":41,"column":35}},"41":{"start":{"line":42,"column":0},"end":{"line":42,"column":35}},"42":{"start":{"line":43,"column":0},"end":{"line":43,"column":21}},"43":{"start":{"line":44,"column":0},"end":{"line":44,"column":76}},"44":{"start":{"line":45,"column":0},"end":{"line":45,"column":0}},"45":{"start":{"line":46,"column":0},"end":{"line":46,"column":46}},"46":{"start":{"line":47,"column":0},"end":{"line":47,"column":17}},"47":{"start":{"line":48,"column":0},"end":{"line":48,"column":130}},"48":{"start":{"line":49,"column":0},"end":{"line":49,"column":6}},"49":{"start":{"line":50,"column":0},"end":{"line":50,"column":3}},"50":{"start":{"line":51,"column":0},"end":{"line":51,"column":0}},"51":{"start":{"line":52,"column":0},"end":{"line":52,"column":71}},"52":{"start":{"line":53,"column":0},"end":{"line":53,"column":40}},"53":{"start":{"line":54,"column":0},"end":{"line":54,"column":10}},"54":{"start":{"line":55,"column":0},"end":{"line":55,"column":15}},"55":{"start":{"line":56,"column":0},"end":{"line":56,"column":28}},"56":{"start":{"line":57,"column":0},"end":{"line":57,"column":5}},"57":{"start":{"line":58,"column":0},"end":{"line":58,"column":1}},"58":{"start":{"line":59,"column":0},"end":{"line":59,"column":0}},"59":{"start":{"line":60,"column":0},"end":{"line":60,"column":73}},"60":{"start":{"line":61,"column":0},"end":{"line":61,"column":59}},"61":{"start":{"line":62,"column":0},"end":{"line":62,"column":73}},"62":{"start":{"line":63,"column":0},"end":{"line":63,"column":0}},"63":{"start":{"line":64,"column":0},"end":{"line":64,"column":44}},"64":{"start":{"line":65,"column":0},"end":{"line":65,"column":27}},"65":{"start":{"line":66,"column":0},"end":{"line":66,"column":13}},"66":{"start":{"line":67,"column":0},"end":{"line":67,"column":40}},"67":{"start":{"line":68,"column":0},"end":{"line":68,"column":10}},"68":{"start":{"line":69,"column":0},"end":{"line":69,"column":5}},"69":{"start":{"line":70,"column":0},"end":{"line":70,"column":0}},"70":{"start":{"line":71,"column":0},"end":{"line":71,"column":65}},"71":{"start":{"line":72,"column":0},"end":{"line":72,"column":41}},"72":{"start":{"line":73,"column":0},"end":{"line":73,"column":42}},"73":{"start":{"line":74,"column":0},"end":{"line":74,"column":19}},"74":{"start":{"line":75,"column":0},"end":{"line":75,"column":87}},"75":{"start":{"line":76,"column":0},"end":{"line":76,"column":8}},"76":{"start":{"line":77,"column":0},"end":{"line":77,"column":25}},"77":{"start":{"line":78,"column":0},"end":{"line":78,"column":7}},"78":{"start":{"line":79,"column":0},"end":{"line":79,"column":3}},"79":{"start":{"line":80,"column":0},"end":{"line":80,"column":0}},"80":{"start":{"line":81,"column":0},"end":{"line":81,"column":11}},"81":{"start":{"line":82,"column":0},"end":{"line":82,"column":1}},"82":{"start":{"line":83,"column":0},"end":{"line":83,"column":0}},"83":{"start":{"line":84,"column":0},"end":{"line":84,"column":39}},"84":{"start":{"line":85,"column":0},"end":{"line":85,"column":75}},"85":{"start":{"line":86,"column":0},"end":{"line":86,"column":1}},"86":{"start":{"line":87,"column":0},"end":{"line":87,"column":0}},"87":{"start":{"line":88,"column":0},"end":{"line":88,"column":49}},"88":{"start":{"line":89,"column":0},"end":{"line":89,"column":69}},"89":{"start":{"line":90,"column":0},"end":{"line":90,"column":2}},"90":{"start":{"line":91,"column":0},"end":{"line":91,"column":0}},"91":{"start":{"line":92,"column":0},"end":{"line":92,"column":43}},"92":{"start":{"line":93,"column":0},"end":{"line":93,"column":60}},"93":{"start":{"line":94,"column":0},"end":{"line":94,"column":27}},"94":{"start":{"line":95,"column":0},"end":{"line":95,"column":5}},"95":{"start":{"line":96,"column":0},"end":{"line":96,"column":1}},"96":{"start":{"line":97,"column":0},"end":{"line":97,"column":0}},"97":{"start":{"line":98,"column":0},"end":{"line":98,"column":51}},"98":{"start":{"line":99,"column":0},"end":{"line":99,"column":75}},"99":{"start":{"line":100,"column":0},"end":{"line":100,"column":2}},"100":{"start":{"line":101,"column":0},"end":{"line":101,"column":0}},"101":{"start":{"line":102,"column":0},"end":{"line":102,"column":45}},"102":{"start":{"line":103,"column":0},"end":{"line":103,"column":64}},"103":{"start":{"line":104,"column":0},"end":{"line":104,"column":27}},"104":{"start":{"line":105,"column":0},"end":{"line":105,"column":5}},"105":{"start":{"line":106,"column":0},"end":{"line":106,"column":1}},"106":{"start":{"line":107,"column":0},"end":{"line":107,"column":0}},"107":{"start":{"line":108,"column":0},"end":{"line":108,"column":51}},"108":{"start":{"line":109,"column":0},"end":{"line":109,"column":75}},"109":{"start":{"line":110,"column":0},"end":{"line":110,"column":2}},"110":{"start":{"line":111,"column":0},"end":{"line":111,"column":0}},"111":{"start":{"line":112,"column":0},"end":{"line":112,"column":45}},"112":{"start":{"line":113,"column":0},"end":{"line":113,"column":64}},"113":{"start":{"line":114,"column":0},"end":{"line":114,"column":27}},"114":{"start":{"line":115,"column":0},"end":{"line":115,"column":5}},"115":{"start":{"line":116,"column":0},"end":{"line":116,"column":1}},"116":{"start":{"line":117,"column":0},"end":{"line":117,"column":0}},"117":{"start":{"line":118,"column":0},"end":{"line":118,"column":35}},"118":{"start":{"line":119,"column":0},"end":{"line":119,"column":30}},"119":{"start":{"line":120,"column":0},"end":{"line":120,"column":15}},"120":{"start":{"line":121,"column":0},"end":{"line":121,"column":17}},"121":{"start":{"line":122,"column":0},"end":{"line":122,"column":3}},"122":{"start":{"line":123,"column":0},"end":{"line":123,"column":45}},"123":{"start":{"line":124,"column":0},"end":{"line":124,"column":53}},"124":{"start":{"line":125,"column":0},"end":{"line":125,"column":12}},"125":{"start":{"line":126,"column":0},"end":{"line":126,"column":13}},"126":{"start":{"line":127,"column":0},"end":{"line":127,"column":24}},"127":{"start":{"line":128,"column":0},"end":{"line":128,"column":24}},"128":{"start":{"line":129,"column":0},"end":{"line":129,"column":11}},"129":{"start":{"line":130,"column":0},"end":{"line":130,"column":5}},"130":{"start":{"line":131,"column":0},"end":{"line":131,"column":38}},"131":{"start":{"line":132,"column":0},"end":{"line":132,"column":1}}},"s":{"0":1,"1":1,"2":1,"3":1,"4":1,"5":1,"6":1,"7":1,"8":1,"9":1,"10":1,"11":1,"12":1,"13":1,"14":1,"15":1,"16":1,"17":1,"18":1,"19":1,"20":1,"21":1,"22":1,"23":1,"24":1,"25":1,"26":1,"27":1,"28":1,"29":1,"30":1,"31":1,"32":1,"33":1,"34":1,"35":1,"36":1,"37":1,"38":1,"39":26,"40":26,"41":26,"42":26,"43":26,"44":26,"45":26,"46":0,"47":0,"48":0,"49":0,"50":26,"51":26,"52":26,"53":26,"54":26,"55":26,"56":26,"57":26,"58":1,"59":1,"60":1,"61":1,"62":1,"63":1,"64":26,"65":26,"66":26,"67":26,"68":26,"69":26,"70":26,"71":26,"72":26,"73":0,"74":0,"75":0,"76":0,"77":26,"78":26,"79":26,"80":26,"81":26,"82":1,"83":3,"84":3,"85":3,"86":1,"87":1,"88":1,"89":1,"90":1,"91":1,"92":10,"93":10,"94":10,"95":10,"96":1,"97":1,"98":1,"99":1,"100":1,"101":1,"102":10,"103":10,"104":10,"105":10,"106":1,"107":1,"108":1,"109":1,"110":1,"111":1,"112":6,"113":6,"114":6,"115":6,"116":1,"117":1,"118":3,"119":3,"120":3,"121":3,"122":3,"123":3,"124":3,"125":3,"126":3,"127":3,"128":3,"129":3,"130":3,"131":3},"branchMap":{"0":{"type":"branch","line":89,"loc":{"start":{"line":89,"column":30},"end":{"line":89,"column":40}},"locations":[{"start":{"line":89,"column":30},"end":{"line":89,"column":40}}]},"1":{"type":"branch","line":99,"loc":{"start":{"line":99,"column":33},"end":{"line":99,"column":43}},"locations":[{"start":{"line":99,"column":33},"end":{"line":99,"column":43}}]},"2":{"type":"branch","line":109,"loc":{"start":{"line":109,"column":33},"end":{"line":109,"column":43}},"locations":[{"start":{"line":109,"column":33},"end":{"line":109,"column":43}}]},"3":{"type":"branch","line":39,"loc":{"start":{"line":39,"column":7},"end":{"line":58,"column":1}},"locations":[{"start":{"line":39,"column":7},"end":{"line":58,"column":1}}]},"4":{"type":"branch","line":44,"loc":{"start":{"line":44,"column":29},"end":{"line":44,"column":75}},"locations":[{"start":{"line":44,"column":29},"end":{"line":44,"column":75}}]},"5":{"type":"branch","line":46,"loc":{"start":{"line":46,"column":45},"end":{"line":50,"column":3}},"locations":[{"start":{"line":46,"column":45},"end":{"line":50,"column":3}}]},"6":{"type":"branch","line":64,"loc":{"start":{"line":64,"column":7},"end":{"line":82,"column":1}},"locations":[{"start":{"line":64,"column":7},"end":{"line":82,"column":1}}]},"7":{"type":"branch","line":84,"loc":{"start":{"line":84,"column":0},"end":{"line":86,"column":1}},"locations":[{"start":{"line":84,"column":0},"end":{"line":86,"column":1}}]},"8":{"type":"branch","line":92,"loc":{"start":{"line":92,"column":7},"end":{"line":96,"column":1}},"locations":[{"start":{"line":92,"column":7},"end":{"line":96,"column":1}}]},"9":{"type":"branch","line":102,"loc":{"start":{"line":102,"column":7},"end":{"line":106,"column":1}},"locations":[{"start":{"line":102,"column":7},"end":{"line":106,"column":1}}]},"10":{"type":"branch","line":112,"loc":{"start":{"line":112,"column":7},"end":{"line":116,"column":1}},"locations":[{"start":{"line":112,"column":7},"end":{"line":116,"column":1}}]},"11":{"type":"branch","line":118,"loc":{"start":{"line":118,"column":7},"end":{"line":132,"column":1}},"locations":[{"start":{"line":118,"column":7},"end":{"line":132,"column":1}}]}},"b":{"0":[0],"1":[0],"2":[0],"3":[26],"4":[0],"5":[0],"6":[26],"7":[3],"8":[10],"9":[10],"10":[6],"11":[3]},"fnMap":{"0":{"name":"createActor","decl":{"start":{"line":39,"column":7},"end":{"line":58,"column":1}},"loc":{"start":{"line":39,"column":7},"end":{"line":58,"column":1}},"line":39},"1":{"name":"agent","decl":{"start":{"line":64,"column":7},"end":{"line":82,"column":1}},"loc":{"start":{"line":64,"column":7},"end":{"line":82,"column":1}},"line":64},"2":{"name":"findCanisterId","decl":{"start":{"line":84,"column":0},"end":{"line":86,"column":1}},"loc":{"start":{"line":84,"column":0},"end":{"line":86,"column":1}},"line":84},"3":{"name":"swap","decl":{"start":{"line":92,"column":7},"end":{"line":96,"column":1}},"loc":{"start":{"line":92,"column":7},"end":{"line":96,"column":1}},"line":92},"4":{"name":"tokenA","decl":{"start":{"line":102,"column":7},"end":{"line":106,"column":1}},"loc":{"start":{"line":102,"column":7},"end":{"line":106,"column":1}},"line":102},"5":{"name":"tokenB","decl":{"start":{"line":112,"column":7},"end":{"line":116,"column":1}},"loc":{"start":{"line":112,"column":7},"end":{"line":116,"column":1}},"line":112},"6":{"name":"fundIdentity","decl":{"start":{"line":118,"column":7},"end":{"line":132,"column":1}},"loc":{"start":{"line":118,"column":7},"end":{"line":132,"column":1}},"line":118}},"f":{"0":26,"1":26,"2":3,"3":10,"4":10,"5":6,"6":3}}
,"/Users/phamdat/dgt-icp/canister_service/test/swap/identity.ts": {"path":"/Users/phamdat/dgt-icp/canister_service/test/swap/identity.ts","all":false,"statementMap":{"0":{"start":{"line":1,"column":0},"end":{"line":1,"column":55}},"1":{"start":{"line":2,"column":0},"end":{"line":2,"column":0}},"2":{"start":{"line":3,"column":0},"end":{"line":3,"column":78}},"3":{"start":{"line":4,"column":0},"end":{"line":4,"column":2}},"4":{"start":{"line":5,"column":0},"end":{"line":5,"column":65}},"5":{"start":{"line":6,"column":0},"end":{"line":6,"column":120}},"6":{"start":{"line":7,"column":0},"end":{"line":7,"column":37}},"7":{"start":{"line":8,"column":0},"end":{"line":8,"column":93}},"8":{"start":{"line":9,"column":0},"end":{"line":9,"column":11}},"9":{"start":{"line":10,"column":0},"end":{"line":10,"column":2}},"10":{"start":{"line":11,"column":0},"end":{"line":11,"column":73}},"11":{"start":{"line":12,"column":0},"end":{"line":12,"column":0}},"12":{"start":{"line":13,"column":0},"end":{"line":13,"column":76}},"13":{"start":{"line":14,"column":0},"end":{"line":14,"column":41}},"14":{"start":{"line":15,"column":0},"end":{"line":15,"column":51}},"15":{"start":{"line":16,"column":0},"end":{"line":16,"column":39}},"16":{"start":{"line":17,"column":0},"end":{"line":17,"column":1}}},"s":{"0":1,"1":1,"2":1,"3":1,"4":1,"5":1,"6":1,"7":1,"8":1,"9":1,"10":1,"11":1,"12":1,"13":1,"14":1,"15":5,"16":5},"branchMap":{"0":{"type":"branch","line":15,"loc":{"start":{"line":15,"column":7},"end":{"line":17,"column":1}},"locations":[{"start":{"line":15,"column":7},"end":{"line":17,"column":1}}]}},"b":{"0":[5]},"fnMap":{"0":{"name":"newIdentity","decl":{"start":{"line":15,"column":7},"end":{"line":17,"column":1}},"loc":{"start":{"line":15,"column":7},"end":{"line":17,"column":1}},"line":15}},"f":{"0":5}}
}
