TN:
SF:src/declarations/swap/swap.did.js
FN:1,idlFactory
FN:81,init
FNF:2
FNH:1
FNDA:10,idlFactory
FNDA:0,init
DA:1,1
DA:2,10
DA:3,10
DA:4,10
DA:5,10
DA:6,10
DA:7,10
DA:8,10
DA:9,10
DA:10,10
DA:11,10
DA:12,10
DA:13,10
DA:14,10
DA:15,10
DA:16,10
DA:17,10
DA:18,10
DA:19,10
DA:20,10
DA:21,10
DA:22,10
DA:23,10
DA:24,10
DA:25,10
DA:26,10
DA:27,10
DA:28,10
DA:29,10
DA:30,10
DA:31,10
DA:32,10
DA:33,10
DA:34,10
DA:35,10
DA:36,10
DA:37,10
DA:38,10
DA:39,10
DA:40,10
DA:41,10
DA:42,10
DA:43,10
DA:44,10
DA:45,10
DA:46,10
DA:47,10
DA:48,10
DA:49,10
DA:50,10
DA:51,10
DA:52,10
DA:53,10
DA:54,10
DA:55,10
DA:56,10
DA:57,10
DA:58,10
DA:59,10
DA:60,10
DA:61,10
DA:62,10
DA:63,10
DA:64,10
DA:65,10
DA:66,10
DA:67,10
DA:68,10
DA:69,10
DA:70,10
DA:71,10
DA:72,10
DA:73,10
DA:74,10
DA:75,10
DA:76,10
DA:77,10
DA:78,10
DA:79,10
DA:80,10
DA:81,1
DA:82,0
DA:83,0
LF:83
LH:81
BRDA:1,0,0,10
BRF:1
BRH:1
end_of_record
TN:
SF:src/declarations/token_a/token_a.did.js
FN:1,idlFactory
FN:289,init
FNF:2
FNH:1
FNDA:16,idlFactory
FNDA:0,init
DA:1,1
DA:2,16
DA:3,16
DA:4,16
DA:5,16
DA:6,16
DA:7,16
DA:8,16
DA:9,16
DA:10,16
DA:11,16
DA:12,16
DA:13,16
DA:14,16
DA:15,16
DA:16,16
DA:17,16
DA:18,16
DA:19,16
DA:20,16
DA:21,16
DA:22,16
DA:23,16
DA:24,16
DA:25,16
DA:26,16
DA:27,16
DA:28,16
DA:29,16
DA:30,16
DA:31,16
DA:32,16
DA:33,16
DA:34,16
DA:35,16
DA:36,16
DA:37,16
DA:38,16
DA:39,16
DA:40,16
DA:41,16
DA:42,16
DA:43,16
DA:44,16
DA:45,16
DA:46,16
DA:47,16
DA:48,16
DA:49,16
DA:50,16
DA:51,16
DA:52,16
DA:53,16
DA:54,16
DA:55,16
DA:56,16
DA:57,16
DA:58,16
DA:59,16
DA:60,16
DA:61,16
DA:62,16
DA:63,16
DA:64,16
DA:65,16
DA:66,16
DA:67,16
DA:68,16
DA:69,16
DA:70,16
DA:71,16
DA:72,16
DA:73,16
DA:74,16
DA:75,16
DA:76,16
DA:77,16
DA:78,16
DA:79,16
DA:80,16
DA:81,16
DA:82,16
DA:83,16
DA:84,16
DA:85,16
DA:86,16
DA:87,16
DA:88,16
DA:89,16
DA:90,16
DA:91,16
DA:92,16
DA:93,16
DA:94,16
DA:95,16
DA:96,16
DA:97,16
DA:98,16
DA:99,16
DA:100,16
DA:101,16
DA:102,16
DA:103,16
DA:104,16
DA:105,16
DA:106,16
DA:107,16
DA:108,16
DA:109,16
DA:110,16
DA:111,16
DA:112,16
DA:113,16
DA:114,16
DA:115,16
DA:116,16
DA:117,16
DA:118,16
DA:119,16
DA:120,16
DA:121,16
DA:122,16
DA:123,16
DA:124,16
DA:125,16
DA:126,16
DA:127,16
DA:128,16
DA:129,16
DA:130,16
DA:131,16
DA:132,16
DA:133,16
DA:134,16
DA:135,16
DA:136,16
DA:137,16
DA:138,16
DA:139,16
DA:140,16
DA:141,16
DA:142,16
DA:143,16
DA:144,16
DA:145,16
DA:146,16
DA:147,16
DA:148,16
DA:149,16
DA:150,16
DA:151,16
DA:152,16
DA:153,16
DA:154,16
DA:155,16
DA:156,16
DA:157,16
DA:158,16
DA:159,16
DA:160,16
DA:161,16
DA:162,16
DA:163,16
DA:164,16
DA:165,16
DA:166,16
DA:167,16
DA:168,16
DA:169,16
DA:170,16
DA:171,16
DA:172,16
DA:173,16
DA:174,16
DA:175,16
DA:176,16
DA:177,16
DA:178,16
DA:179,16
DA:180,16
DA:181,16
DA:182,16
DA:183,16
DA:184,16
DA:185,16
DA:186,16
DA:187,16
DA:188,16
DA:189,16
DA:190,16
DA:191,16
DA:192,16
DA:193,16
DA:194,16
DA:195,16
DA:196,16
DA:197,16
DA:198,16
DA:199,16
DA:200,16
DA:201,16
DA:202,16
DA:203,16
DA:204,16
DA:205,16
DA:206,16
DA:207,16
DA:208,16
DA:209,16
DA:210,16
DA:211,16
DA:212,16
DA:213,16
DA:214,16
DA:215,16
DA:216,16
DA:217,16
DA:218,16
DA:219,16
DA:220,16
DA:221,16
DA:222,16
DA:223,16
DA:224,16
DA:225,16
DA:226,16
DA:227,16
DA:228,16
DA:229,16
DA:230,16
DA:231,16
DA:232,16
DA:233,16
DA:234,16
DA:235,16
DA:236,16
DA:237,16
DA:238,16
DA:239,16
DA:240,16
DA:241,16
DA:242,16
DA:243,16
DA:244,16
DA:245,16
DA:246,16
DA:247,16
DA:248,16
DA:249,16
DA:250,16
DA:251,16
DA:252,16
DA:253,16
DA:254,16
DA:255,16
DA:256,16
DA:257,16
DA:258,16
DA:259,16
DA:260,16
DA:261,16
DA:262,16
DA:263,16
DA:264,16
DA:265,16
DA:266,16
DA:267,16
DA:268,16
DA:269,16
DA:270,16
DA:271,16
DA:272,16
DA:273,16
DA:274,16
DA:275,16
DA:276,16
DA:277,16
DA:278,16
DA:279,16
DA:280,16
DA:281,16
DA:282,16
DA:283,16
DA:284,16
DA:285,16
DA:286,16
DA:287,16
DA:288,16
DA:289,1
DA:290,0
DA:291,0
DA:292,0
DA:293,0
DA:294,0
DA:295,0
DA:296,0
DA:297,0
DA:298,0
DA:299,0
DA:300,0
DA:301,0
DA:302,0
DA:303,0
DA:304,0
DA:305,0
DA:306,0
DA:307,0
DA:308,0
DA:309,0
DA:310,0
DA:311,0
DA:312,0
DA:313,0
DA:314,0
DA:315,0
DA:316,0
DA:317,0
DA:318,0
DA:319,0
DA:320,0
DA:321,0
DA:322,0
DA:323,0
DA:324,0
DA:325,0
DA:326,0
DA:327,0
DA:328,0
DA:329,0
DA:330,0
DA:331,0
DA:332,0
DA:333,0
DA:334,0
DA:335,0
DA:336,0
DA:337,0
DA:338,0
DA:339,0
DA:340,0
DA:341,0
DA:342,0
DA:343,0
DA:344,0
DA:345,0
LF:345
LH:289
BRDA:1,0,0,16
BRF:1
BRH:1
end_of_record
TN:
SF:test/swap/agent.ts
FN:39,createActor
FN:64,agent
FN:84,findCanisterId
FN:92,swap
FN:102,tokenA
FN:112,tokenB
FN:118,fundIdentity
FNF:7
FNH:7
FNDA:26,createActor
FNDA:26,agent
FNDA:3,findCanisterId
FNDA:10,swap
FNDA:10,tokenA
FNDA:6,tokenB
FNDA:3,fundIdentity
DA:1,1
DA:2,1
DA:3,1
DA:4,1
DA:5,1
DA:6,1
DA:7,1
DA:8,1
DA:9,1
DA:10,1
DA:11,1
DA:12,1
DA:13,1
DA:14,1
DA:15,1
DA:16,1
DA:17,1
DA:18,1
DA:19,1
DA:20,1
DA:21,1
DA:22,1
DA:23,1
DA:24,1
DA:25,1
DA:26,1
DA:27,1
DA:28,1
DA:29,1
DA:30,1
DA:31,1
DA:32,1
DA:33,1
DA:34,1
DA:35,1
DA:36,1
DA:37,1
DA:38,1
DA:39,1
DA:40,26
DA:41,26
DA:42,26
DA:43,26
DA:44,26
DA:45,26
DA:46,26
DA:47,0
DA:48,0
DA:49,0
DA:50,0
DA:51,26
DA:52,26
DA:53,26
DA:54,26
DA:55,26
DA:56,26
DA:57,26
DA:58,26
DA:59,1
DA:60,1
DA:61,1
DA:62,1
DA:63,1
DA:64,1
DA:65,26
DA:66,26
DA:67,26
DA:68,26
DA:69,26
DA:70,26
DA:71,26
DA:72,26
DA:73,26
DA:74,0
DA:75,0
DA:76,0
DA:77,0
DA:78,26
DA:79,26
DA:80,26
DA:81,26
DA:82,26
DA:83,1
DA:84,3
DA:85,3
DA:86,3
DA:87,1
DA:88,1
DA:89,1
DA:90,1
DA:91,1
DA:92,1
DA:93,10
DA:94,10
DA:95,10
DA:96,10
DA:97,1
DA:98,1
DA:99,1
DA:100,1
DA:101,1
DA:102,1
DA:103,10
DA:104,10
DA:105,10
DA:106,10
DA:107,1
DA:108,1
DA:109,1
DA:110,1
DA:111,1
DA:112,1
DA:113,6
DA:114,6
DA:115,6
DA:116,6
DA:117,1
DA:118,1
DA:119,3
DA:120,3
DA:121,3
DA:122,3
DA:123,3
DA:124,3
DA:125,3
DA:126,3
DA:127,3
DA:128,3
DA:129,3
DA:130,3
DA:131,3
DA:132,3
LF:132
LH:124
BRDA:89,0,0,0
BRDA:99,1,0,0
BRDA:109,2,0,0
BRDA:39,3,0,26
BRDA:44,4,0,0
BRDA:46,5,0,0
BRDA:64,6,0,26
BRDA:84,7,0,3
BRDA:92,8,0,10
BRDA:102,9,0,10
BRDA:112,10,0,6
BRDA:118,11,0,3
BRF:12
BRH:7
end_of_record
TN:
SF:test/swap/identity.ts
FN:15,newIdentity
FNF:1
FNH:1
FNDA:5,newIdentity
DA:1,1
DA:2,1
DA:3,1
DA:4,1
DA:5,1
DA:6,1
DA:7,1
DA:8,1
DA:9,1
DA:10,1
DA:11,1
DA:12,1
DA:13,1
DA:14,1
DA:15,1
DA:16,5
DA:17,5
LF:17
LH:17
BRDA:15,0,0,5
BRF:1
BRH:1
end_of_record
